<?xml version="1.0" encoding="utf-8"?><testsuites name="pytest tests"><testsuite name="pytest" errors="0" failures="0" skipped="0" tests="12" time="0.812" timestamp="2026-04-24T23:21:00.953741+00:00" hostname="agent-env-07b3cd13-d43b-464a-a0bd-8bcbe01840de"><testcase classname="backend.tests.test_name_collision.TestStats" name="test_stats_loaded" time="0.197" /><testcase classname="backend.tests.test_name_collision.TestEstimate" name="test_daniel_norris_male" time="0.051" /><testcase classname="backend.tests.test_name_collision.TestEstimate" name="test_michael_smith_autodetect" time="0.048" /><testcase classname="backend.tests.test_name_collision.TestEstimate" name="test_mike_tait_nickname" time="0.051" /><testcase classname="backend.tests.test_name_collision.TestEstimate" name="test_hyphenated_last_name" time="0.047" /><testcase classname="backend.tests.test_name_collision.TestEstimate" name="test_initial_first_name" time="0.048" /><testcase classname="backend.tests.test_name_collision.TestEstimate" name="test_missing_last_name" time="0.047" /><testcase classname="backend.tests.test_name_collision.TestEstimate" name="test_unknown_last_name" time="0.048" /><testcase classname="backend.tests.test_name_collision.TestEstimate" name="test_obrien_apostrophe" time="0.045" /><testcase classname="backend.tests.test_name_collision.TestEstimate" name="test_caps_mary" time="0.045" /><testcase classname="backend.tests.test_name_collision.TestEstimate" name="test_caveat_always_present" time="0.057" /><testcase classname="backend.tests.test_name_collision.TestBatch" name="test_batch_three_customers" time="0.046" /></testsuite></testsuites>